<?xml version="1.0"?>
<!DOCTYPE coverage SYSTEM "http://cobertura.sourceforge.net/xml/coverage-04.dtd">

<coverage line-rate="0.8726899383983573" branch-rate="0.6652202937249666" lines-covered="1275" lines-valid="1461" branches-covered="1993" branches-valid="2996" complexity="8.279069767441861" version="2.0.3" timestamp="1388492730981">
	<sources>
		<source>--source</source>
		<source>/home/coldwind/dev/smola/galimatias/src/main/java</source>
	</sources>
	<packages>
		<package name="io.mola.galimatias" line-rate="0.8799171842650103" branch-rate="0.6656646626586507" complexity="8.279069767441861">
			<classes>
				<class name="io.mola.galimatias.Domain" filename="io/mola/galimatias/Domain.java" line-rate="0.9523809523809523" branch-rate="0.7777777777777778" complexity="5.0">
					<methods>
						<method name="&lt;init&gt;" signature="([Ljava/lang/String;)V" line-rate="1.0" branch-rate="1.0">
							<lines>
								<line number="32" hits="41" branch="false"/>
								<line number="33" hits="3113" branch="false"/>
								<line number="34" hits="3113" branch="false"/>
								<line number="35" hits="3072" branch="false"/>
							</lines>
						</method>
						<method name="equals" signature="(Ljava/lang/Object;)Z" line-rate="0.8" branch-rate="0.5833333333333334">
							<lines>
								<line number="73" hits="697" branch="true" condition-coverage="50% (1/2)">
									<conditions>
										<condition number="0" type="jump" coverage="50%"/>
									</conditions>
								</line>
								<line number="74" hits="697" branch="true" condition-coverage="50% (2/4)">
									<conditions>
										<condition number="0" type="jump" coverage="50%"/>
										<condition number="1" type="jump" coverage="50%"/>
									</conditions>
								</line>
								<line number="76" hits="697" branch="false"/>
								<line number="78" hits="697" branch="true" condition-coverage="50% (1/2)">
									<conditions>
										<condition number="0" type="jump" coverage="50%"/>
									</conditions>
								</line>
								<line number="79" hits="0" branch="false"/>
								<line number="80" hits="72" branch="false"/>
								<line number="82" hits="1863" branch="true" condition-coverage="100% (2/2)">
									<conditions>
										<condition number="0" type="jump" coverage="100%"/>
									</conditions>
								</line>
								<line number="83" hits="1238" branch="true" condition-coverage="50% (1/2)">
									<conditions>
										<condition number="0" type="jump" coverage="50%"/>
									</conditions>
								</line>
								<line number="84" hits="0" branch="false"/>
								<line number="89" hits="625" branch="false"/>
							</lines>
						</method>
						<method name="hashCode" signature="()I" line-rate="1.0" branch-rate="1.0">
							<lines>
								<line number="85" hits="48" branch="false"/>
								<line number="94" hits="422" branch="false"/>
							</lines>
						</method>
						<method name="parseDomain" signature="(Ljava/lang/String;)Lio/mola/galimatias/Domain;" line-rate="1.0" branch-rate="0.8125">
							<lines>
								<line number="37" hits="41" branch="true" condition-coverage="50% (1/2)">
									<conditions>
										<condition number="0" type="jump" coverage="50%"/>
									</conditions>
								</line>
								<line number="38" hits="3087" branch="true" condition-coverage="100% (2/2)">
									<conditions>
										<condition number="0" type="jump" coverage="100%"/>
									</conditions>
								</line>
								<line number="39" hits="5" branch="false"/>
								<line number="40" hits="41" branch="true" condition-coverage="50% (1/2)">
									<conditions>
										<condition number="0" type="jump" coverage="50%"/>
									</conditions>
								</line>
								<line number="41" hits="3082" branch="true" condition-coverage="100% (2/2)">
									<conditions>
										<condition number="0" type="jump" coverage="100%"/>
									</conditions>
								</line>
								<line number="42" hits="5" branch="false"/>
								<line number="45" hits="41" branch="false"/>
								<line number="46" hits="3118" branch="false"/>
								<line number="47" hits="3198" branch="true" condition-coverage="100% (2/2)">
									<conditions>
										<condition number="0" type="jump" coverage="100%"/>
									</conditions>
								</line>
								<line number="48" hits="9261" branch="true" condition-coverage="100% (2/2)">
									<conditions>
										<condition number="0" type="jump" coverage="100%"/>
									</conditions>
								</line>
								<line number="49" hits="6104" branch="false"/>
								<line number="50" hits="41" branch="true" condition-coverage="50% (1/2)">
									<conditions>
										<condition number="0" type="jump" coverage="50%"/>
									</conditions>
								</line>
								<line number="51" hits="3077" branch="true" condition-coverage="100% (2/2)">
									<conditions>
										<condition number="0" type="jump" coverage="100%"/>
									</conditions>
								</line>
								<line number="52" hits="5" branch="false"/>
								<line number="53" hits="41" branch="false"/>
								<line number="54" hits="3072" branch="false"/>
							</lines>
						</method>
						<method name="toString" signature="()Ljava/lang/String;" line-rate="1.0" branch-rate="1.0">
							<lines>
								<line number="58" hits="88" branch="true" condition-coverage="100% (2/2)">
									<conditions>
										<condition number="0" type="jump" coverage="100%"/>
									</conditions>
								</line>
								<line number="59" hits="2297" branch="true" condition-coverage="100% (2/2)">
									<conditions>
										<condition number="0" type="jump" coverage="100%"/>
									</conditions>
								</line>
								<line number="60" hits="183" branch="false"/>
								<line number="61" hits="82" branch="false"/>
								<line number="62" hits="2190" branch="false"/>
								<line number="63" hits="2278" branch="true" condition-coverage="100% (2/2)">
									<conditions>
										<condition number="0" type="jump" coverage="100%"/>
									</conditions>
								</line>
								<line number="64" hits="4454" branch="true" condition-coverage="100% (2/2)">
									<conditions>
										<condition number="0" type="jump" coverage="100%"/>
									</conditions>
								</line>
								<line number="65" hits="2258" branch="false"/>
								<line number="67" hits="82" branch="false"/>
								<line number="68" hits="2108" branch="false"/>
							</lines>
						</method>
					</methods>
					<lines>
						<line number="32" hits="41" branch="false"/>
						<line number="33" hits="3113" branch="false"/>
						<line number="34" hits="3113" branch="false"/>
						<line number="35" hits="3072" branch="false"/>
						<line number="37" hits="41" branch="true" condition-coverage="50% (1/2)">
							<conditions>
								<condition number="0" type="jump" coverage="50%"/>
							</conditions>
						</line>
						<line number="38" hits="3087" branch="true" condition-coverage="100% (2/2)">
							<conditions>
								<condition number="0" type="jump" coverage="100%"/>
							</conditions>
						</line>
						<line number="39" hits="5" branch="false"/>
						<line number="40" hits="41" branch="true" condition-coverage="50% (1/2)">
							<conditions>
								<condition number="0" type="jump" coverage="50%"/>
							</conditions>
						</line>
						<line number="41" hits="3082" branch="true" condition-coverage="100% (2/2)">
							<conditions>
								<condition number="0" type="jump" coverage="100%"/>
							</conditions>
						</line>
						<line number="42" hits="5" branch="false"/>
						<line number="45" hits="41" branch="false"/>
						<line number="46" hits="3118" branch="false"/>
						<line number="47" hits="3198" branch="true" condition-coverage="100% (2/2)">
							<conditions>
								<condition number="0" type="jump" coverage="100%"/>
							</conditions>
						</line>
						<line number="48" hits="9261" branch="true" condition-coverage="100% (2/2)">
							<conditions>
								<condition number="0" type="jump" coverage="100%"/>
							</conditions>
						</line>
						<line number="49" hits="6104" branch="false"/>
						<line number="50" hits="41" branch="true" condition-coverage="50% (1/2)">
							<conditions>
								<condition number="0" type="jump" coverage="50%"/>
							</conditions>
						</line>
						<line number="51" hits="3077" branch="true" condition-coverage="100% (2/2)">
							<conditions>
								<condition number="0" type="jump" coverage="100%"/>
							</conditions>
						</line>
						<line number="52" hits="5" branch="false"/>
						<line number="53" hits="41" branch="false"/>
						<line number="54" hits="3072" branch="false"/>
						<line number="58" hits="88" branch="true" condition-coverage="100% (2/2)">
							<conditions>
								<condition number="0" type="jump" coverage="100%"/>
							</conditions>
						</line>
						<line number="59" hits="2297" branch="true" condition-coverage="100% (2/2)">
							<conditions>
								<condition number="0" type="jump" coverage="100%"/>
							</conditions>
						</line>
						<line number="60" hits="183" branch="false"/>
						<line number="61" hits="82" branch="false"/>
						<line number="62" hits="2190" branch="false"/>
						<line number="63" hits="2278" branch="true" condition-coverage="100% (2/2)">
							<conditions>
								<condition number="0" type="jump" coverage="100%"/>
							</conditions>
						</line>
						<line number="64" hits="4454" branch="true" condition-coverage="100% (2/2)">
							<conditions>
								<condition number="0" type="jump" coverage="100%"/>
							</conditions>
						</line>
						<line number="65" hits="2258" branch="false"/>
						<line number="67" hits="82" branch="false"/>
						<line number="68" hits="2108" branch="false"/>
						<line number="73" hits="697" branch="true" condition-coverage="50% (1/2)">
							<conditions>
								<condition number="0" type="jump" coverage="50%"/>
							</conditions>
						</line>
						<line number="74" hits="697" branch="true" condition-coverage="50% (2/4)">
							<conditions>
								<condition number="0" type="jump" coverage="50%"/>
								<condition number="1" type="jump" coverage="50%"/>
							</conditions>
						</line>
						<line number="76" hits="697" branch="false"/>
						<line number="78" hits="697" branch="true" condition-coverage="50% (1/2)">
							<conditions>
								<condition number="0" type="jump" coverage="50%"/>
							</conditions>
						</line>
						<line number="79" hits="0" branch="false"/>
						<line number="80" hits="72" branch="false"/>
						<line number="82" hits="1863" branch="true" condition-coverage="100% (2/2)">
							<conditions>
								<condition number="0" type="jump" coverage="100%"/>
							</conditions>
						</line>
						<line number="83" hits="1238" branch="true" condition-coverage="50% (1/2)">
							<conditions>
								<condition number="0" type="jump" coverage="50%"/>
							</conditions>
						</line>
						<line number="84" hits="0" branch="false"/>
						<line number="85" hits="48" branch="false"/>
						<line number="89" hits="625" branch="false"/>
						<line number="94" hits="422" branch="false"/>
					</lines>
				</class>
				<class name="io.mola.galimatias.Host" filename="io/mola/galimatias/Host.java" line-rate="1.0" branch-rate="1.0" complexity="5.0">
					<methods>
						<method name="&lt;clinit&gt;" signature="()V" line-rate="1.0" branch-rate="1.0">
							<lines>
								<line number="33" hits="2" branch="false"/>
							</lines>
						</method>
						<method name="&lt;init&gt;" signature="()V" line-rate="1.0" branch-rate="1.0">
							<lines>
								<line number="28" hits="3368" branch="false"/>
							</lines>
						</method>
						<method name="parse" signature="(Ljava/lang/String;)Lio/mola/galimatias/Host;" line-rate="1.0" branch-rate="1.0">
							<lines>
								<line number="36" hits="5" branch="false"/>
							</lines>
						</method>
						<method name="parseHost" signature="(Ljava/lang/String;)Lio/mola/galimatias/Host;" line-rate="1.0" branch-rate="1.0">
							<lines>
								<line number="42" hits="2950" branch="true" condition-coverage="100% (2/2)">
									<conditions>
										<condition number="0" type="jump" coverage="100%"/>
									</conditions>
								</line>
								<line number="43" hits="4" branch="false"/>
								<line number="45" hits="2946" branch="true" condition-coverage="100% (2/2)">
									<conditions>
										<condition number="0" type="jump" coverage="100%"/>
									</conditions>
								</line>
								<line number="46" hits="4" branch="false"/>
								<line number="48" hits="2942" branch="true" condition-coverage="100% (2/2)">
									<conditions>
										<condition number="0" type="jump" coverage="100%"/>
									</conditions>
								</line>
								<line number="49" hits="59" branch="true" condition-coverage="100% (2/2)">
									<conditions>
										<condition number="0" type="jump" coverage="100%"/>
									</conditions>
								</line>
								<line number="50" hits="4" branch="false"/>
								<line number="52" hits="55" branch="false"/>
								<line number="55" hits="2883" branch="false"/>
							</lines>
						</method>
					</methods>
					<lines>
						<line number="28" hits="3368" branch="false"/>
						<line number="33" hits="2" branch="false"/>
						<line number="36" hits="5" branch="false"/>
						<line number="42" hits="2950" branch="true" condition-coverage="100% (2/2)">
							<conditions>
								<condition number="0" type="jump" coverage="100%"/>
							</conditions>
						</line>
						<line number="43" hits="4" branch="false"/>
						<line number="45" hits="2946" branch="true" condition-coverage="100% (2/2)">
							<conditions>
								<condition number="0" type="jump" coverage="100%"/>
							</conditions>
						</line>
						<line number="46" hits="4" branch="false"/>
						<line number="48" hits="2942" branch="true" condition-coverage="100% (2/2)">
							<conditions>
								<condition number="0" type="jump" coverage="100%"/>
							</conditions>
						</line>
						<line number="49" hits="59" branch="true" condition-coverage="100% (2/2)">
							<conditions>
								<condition number="0" type="jump" coverage="100%"/>
							</conditions>
						</line>
						<line number="50" hits="4" branch="false"/>
						<line number="52" hits="55" branch="false"/>
						<line number="55" hits="2883" branch="false"/>
					</lines>
				</class>
				<class name="io.mola.galimatias.IPv4Address" filename="io/mola/galimatias/IPv4Address.java" line-rate="0.0" branch-rate="1.0" complexity="1.0">
					<methods>
						<method name="&lt;init&gt;" signature="()V" line-rate="0.0" branch-rate="1.0">
							<lines>
								<line number="27" hits="0" branch="false"/>
								<line number="29" hits="0" branch="false"/>
							</lines>
						</method>
						<method name="toString" signature="()Ljava/lang/String;" line-rate="0.0" branch-rate="1.0">
							<lines>
								<line number="33" hits="0" branch="false"/>
							</lines>
						</method>
					</methods>
					<lines>
						<line number="27" hits="0" branch="false"/>
						<line number="29" hits="0" branch="false"/>
						<line number="33" hits="0" branch="false"/>
					</lines>
				</class>
				<class name="io.mola.galimatias.IPv6Address" filename="io/mola/galimatias/IPv6Address.java" line-rate="0.9766081871345029" branch-rate="0.9482758620689655" complexity="13.666666666666666">
					<methods>
						<method name="&lt;clinit&gt;" signature="()V" line-rate="1.0" branch-rate="1.0">
							<lines>
							</lines>
						</method>
						<method name="&lt;init&gt;" signature="([S)V" line-rate="1.0" branch-rate="1.0">
							<lines>
								<line number="33" hits="4" branch="false"/>
								<line number="34" hits="32" branch="false"/>
								<line number="35" hits="32" branch="false"/>
								<line number="36" hits="251" branch="false"/>
								<line number="37" hits="223" branch="false"/>
								<line number="38" hits="224" branch="false"/>
							</lines>
						</method>
						<method name="equals" signature="(Ljava/lang/Object;)Z" line-rate="1.0" branch-rate="0.875">
							<lines>
								<line number="138" hits="3" branch="false"/>
								<line number="140" hits="3" branch="true" condition-coverage="50% (1/2)">
									<conditions>
										<condition number="0" type="jump" coverage="50%"/>
									</conditions>
								</line>
								<line number="142" hits="3" branch="false"/>
								<line number="310" hits="176" branch="true" condition-coverage="100% (2/2)">
									<conditions>
										<condition number="0" type="jump" coverage="100%"/>
									</conditions>
								</line>
								<line number="311" hits="136" branch="true" condition-coverage="100% (4/4)">
									<conditions>
										<condition number="0" type="jump" coverage="100%"/>
										<condition number="1" type="jump" coverage="100%"/>
									</conditions>
								</line>
								<line number="313" hits="56" branch="false"/>
								<line number="315" hits="56" branch="false"/>
							</lines>
						</method>
						<method name="hashCode" signature="()I" line-rate="1.0" branch-rate="1.0">
							<lines>
								<line number="320" hits="88" branch="false"/>
							</lines>
						</method>
						<method name="parseIPv6Address" signature="(Ljava/lang/String;)Lio/mola/galimatias/IPv6Address;" line-rate="1.0" branch-rate="0.9354838709677419">
							<lines>
								<line number="41" hits="33" branch="false"/>
								<line number="44" hits="282" branch="true" condition-coverage="100% (2/2)">
									<conditions>
										<condition number="0" type="jump" coverage="100%"/>
									</conditions>
								</line>
								<line number="45" hits="4" branch="false"/>
								<line number="47" hits="278" branch="true" condition-coverage="100% (2/2)">
									<conditions>
										<condition number="0" type="jump" coverage="100%"/>
									</conditions>
								</line>
								<line number="48" hits="4" branch="false"/>
								<line number="51" hits="364" branch="true" condition-coverage="100% (2/2)">
									<conditions>
										<condition number="0" type="jump" coverage="100%"/>
									</conditions>
								</line>
								<line number="53" hits="354" branch="false"/>
								<line number="54" hits="274" branch="false"/>
								<line number="55" hits="274" branch="false"/>
								<line number="56" hits="274" branch="false"/>
								<line number="57" hits="284" branch="true" condition-coverage="50% (1/2)">
									<conditions>
										<condition number="0" type="jump" coverage="50%"/>
									</conditions>
								</line>
								<line number="58" hits="274" branch="true" condition-coverage="50% (1/2)">
									<conditions>
										<condition number="0" type="jump" coverage="50%"/>
									</conditions>
								</line>
								<line number="60" hits="274" branch="true" condition-coverage="100% (2/2)">
									<conditions>
										<condition number="0" type="jump" coverage="100%"/>
									</conditions>
								</line>
								<line number="61" hits="100" branch="true" condition-coverage="100% (4/4)">
									<conditions>
										<condition number="0" type="jump" coverage="100%"/>
										<condition number="1" type="jump" coverage="100%"/>
									</conditions>
								</line>
								<line number="62" hits="8" branch="false"/>
								<line number="64" hits="92" branch="false"/>
								<line number="65" hits="92" branch="false"/>
								<line number="66" hits="92" branch="false"/>
								<line number="69" hits="293" branch="true" condition-coverage="100% (2/2)">
									<conditions>
										<condition number="0" type="jump" coverage="100%"/>
									</conditions>
								</line>
								<line number="71" hits="1663" branch="true" condition-coverage="100% (2/2)">
									<conditions>
										<condition number="0" type="jump" coverage="100%"/>
									</conditions>
								</line>
								<line number="73" hits="1470" branch="true" condition-coverage="100% (2/2)">
									<conditions>
										<condition number="0" type="jump" coverage="100%"/>
									</conditions>
								</line>
								<line number="74" hits="1552" branch="true" condition-coverage="100% (2/2)">
									<conditions>
										<condition number="0" type="jump" coverage="100%"/>
									</conditions>
								</line>
								<line number="76" hits="1655" branch="true" condition-coverage="100% (2/2)">
									<conditions>
										<condition number="0" type="jump" coverage="100%"/>
									</conditions>
								</line>
								<line number="77" hits="124" branch="true" condition-coverage="100% (2/2)">
									<conditions>
										<condition number="0" type="jump" coverage="100%"/>
									</conditions>
								</line>
								<line number="79" hits="1449" branch="true" condition-coverage="100% (2/2)">
									<conditions>
										<condition number="0" type="jump" coverage="100%"/>
									</conditions>
								</line>
								<line number="80" hits="76" branch="true" condition-coverage="100% (2/2)">
									<conditions>
										<condition number="0" type="jump" coverage="100%"/>
									</conditions>
								</line>
								<line number="81" hits="236" branch="true" condition-coverage="100% (2/2)">
									<conditions>
										<condition number="0" type="jump" coverage="100%"/>
									</conditions>
								</line>
								<line number="83" hits="200" branch="false"/>
								<line number="84" hits="27" branch="true" condition-coverage="50% (1/2)">
									<conditions>
										<condition number="0" type="jump" coverage="50%"/>
									</conditions>
								</line>
								<line number="85" hits="27" branch="true" condition-coverage="50% (1/2)">
									<conditions>
										<condition number="0" type="jump" coverage="50%"/>
									</conditions>
								</line>
								<line number="86" hits="27" branch="false"/>
								<line number="87" hits="27" branch="false"/>
								<line number="88" hits="72" branch="true" condition-coverage="100% (2/2)">
									<conditions>
										<condition number="0" type="jump" coverage="100%"/>
									</conditions>
								</line>
								<line number="91" hits="1418" branch="false"/>
								<line number="92" hits="1418" branch="false"/>
								<line number="94" hits="5873" branch="true" condition-coverage="100% (4/4)">
									<conditions>
										<condition number="0" type="jump" coverage="100%"/>
										<condition number="1" type="jump" coverage="100%"/>
									</conditions>
								</line>
								<line number="95" hits="4455" branch="false"/>
								<line number="96" hits="4455" branch="false"/>
								<line number="97" hits="4455" branch="true" condition-coverage="100% (2/2)">
									<conditions>
										<condition number="0" type="jump" coverage="100%"/>
									</conditions>
								</line>
								<line number="98" hits="4455" branch="true" condition-coverage="100% (2/2)">
									<conditions>
										<condition number="0" type="jump" coverage="100%"/>
									</conditions>
								</line>
								<line number="99" hits="4463" branch="true" condition-coverage="100% (2/2)">
									<conditions>
										<condition number="0" type="jump" coverage="100%"/>
									</conditions>
								</line>
								<line number="102" hits="1418" branch="true" condition-coverage="100% (2/2)">
									<conditions>
										<condition number="0" type="jump" coverage="100%"/>
									</conditions>
								</line>
								<line number="103" hits="49" branch="true" condition-coverage="100% (2/2)">
									<conditions>
										<condition number="0" type="jump" coverage="100%"/>
									</conditions>
								</line>
								<line number="104" hits="4" branch="false"/>
								<line number="106" hits="138" branch="true" condition-coverage="100% (2/2)">
									<conditions>
										<condition number="0" type="jump" coverage="100%"/>
									</conditions>
								</line>
								<line number="107" hits="52" branch="true" condition-coverage="100% (2/2)">
									<conditions>
										<condition number="0" type="jump" coverage="100%"/>
									</conditions>
								</line>
								<line number="108" hits="50" branch="true" condition-coverage="50% (1/2)">
									<conditions>
										<condition number="0" type="jump" coverage="50%"/>
									</conditions>
								</line>
								<line number="109" hits="44" branch="false"/>
								<line number="110" hits="54" branch="true" condition-coverage="100% (2/2)">
									<conditions>
										<condition number="0" type="jump" coverage="100%"/>
									</conditions>
								</line>
								<line number="111" hits="1371" branch="true" condition-coverage="100% (2/2)">
									<conditions>
										<condition number="0" type="jump" coverage="100%"/>
									</conditions>
								</line>
								<line number="112" hits="1217" branch="true" condition-coverage="100% (4/4)">
									<conditions>
										<condition number="0" type="jump" coverage="100%"/>
										<condition number="1" type="jump" coverage="100%"/>
									</conditions>
								</line>
								<line number="113" hits="1209" branch="true" condition-coverage="100% (2/2)">
									<conditions>
										<condition number="0" type="jump" coverage="100%"/>
									</conditions>
								</line>
								<line number="114" hits="1164" branch="true" condition-coverage="100% (2/2)">
									<conditions>
										<condition number="0" type="jump" coverage="100%"/>
									</conditions>
								</line>
								<line number="115" hits="11" branch="false"/>
								<line number="117" hits="283" branch="true" condition-coverage="100% (2/2)">
									<conditions>
										<condition number="0" type="jump" coverage="100%"/>
									</conditions>
								</line>
								<line number="118" hits="12" branch="true" condition-coverage="100% (2/2)">
									<conditions>
										<condition number="0" type="jump" coverage="100%"/>
									</conditions>
								</line>
								<line number="121" hits="1363" branch="false"/>
								<line number="122" hits="1438" branch="false"/>
								<line number="124" hits="1363" branch="false"/>
								<line number="126" hits="309" branch="false"/>
								<line number="129" hits="247" branch="true" condition-coverage="75% (3/4)">
									<conditions>
										<condition number="0" type="jump" coverage="100%"/>
										<condition number="1" type="jump" coverage="50%"/>
									</conditions>
								</line>
								<line number="130" hits="218" branch="false"/>
								<line number="133" hits="247" branch="true" condition-coverage="100% (2/2)">
									<conditions>
										<condition number="0" type="jump" coverage="100%"/>
									</conditions>
								</line>
								<line number="135" hits="47" branch="true" condition-coverage="100% (2/2)">
									<conditions>
										<condition number="0" type="jump" coverage="100%"/>
									</conditions>
								</line>
								<line number="136" hits="7" branch="true" condition-coverage="50% (2/4)">
									<conditions>
										<condition number="0" type="jump" coverage="50%"/>
										<condition number="1" type="jump" coverage="50%"/>
									</conditions>
								</line>
								<line number="141" hits="243" branch="false"/>
								<line number="143" hits="243" branch="true" condition-coverage="100% (2/2)">
									<conditions>
										<condition number="0" type="jump" coverage="100%"/>
									</conditions>
								</line>
								<line number="145" hits="176" branch="true" condition-coverage="100% (2/2)">
									<conditions>
										<condition number="0" type="jump" coverage="100%"/>
									</conditions>
								</line>
								<line number="147" hits="154" branch="false"/>
								<line number="150" hits="152" branch="true" condition-coverage="100% (2/2)">
									<conditions>
										<condition number="0" type="jump" coverage="100%"/>
									</conditions>
								</line>
								<line number="151" hits="4" branch="false"/>
								<line number="155" hits="464" branch="true" condition-coverage="100% (2/2)">
									<conditions>
										<condition number="0" type="jump" coverage="100%"/>
									</conditions>
								</line>
								<line number="156" hits="316" branch="false"/>
								<line number="157" hits="316" branch="false"/>
								<line number="158" hits="316" branch="true" condition-coverage="100% (2/2)">
									<conditions>
										<condition number="0" type="jump" coverage="100%"/>
									</conditions>
								</line>
								<line number="159" hits="316" branch="true" condition-coverage="100% (2/2)">
									<conditions>
										<condition number="0" type="jump" coverage="100%"/>
									</conditions>
								</line>
								<line number="163" hits="148" branch="true" condition-coverage="100% (2/2)">
									<conditions>
										<condition number="0" type="jump" coverage="100%"/>
									</conditions>
								</line>
								<line number="164" hits="4" branch="false"/>
								<line number="168" hits="144" branch="true" condition-coverage="100% (4/4)">
									<conditions>
										<condition number="0" type="jump" coverage="100%"/>
										<condition number="1" type="jump" coverage="100%"/>
									</conditions>
								</line>
								<line number="169" hits="4" branch="false"/>
								<line number="173" hits="140" branch="false"/>
								<line number="176" hits="140" branch="true" condition-coverage="100% (4/4)">
									<conditions>
										<condition number="0" type="jump" coverage="100%"/>
										<condition number="1" type="jump" coverage="100%"/>
									</conditions>
								</line>
								<line number="177" hits="68" branch="false"/>
								<line number="181" hits="140" branch="false"/>
								<line number="182" hits="140" branch="true" condition-coverage="100% (2/2)">
									<conditions>
										<condition number="0" type="jump" coverage="100%"/>
									</conditions>
								</line>
								<line number="183" hits="140" branch="true" condition-coverage="100% (2/2)">
									<conditions>
										<condition number="0" type="jump" coverage="100%"/>
									</conditions>
								</line>
								<line number="186" hits="140" branch="true" condition-coverage="100% (4/4)">
									<conditions>
										<condition number="0" type="jump" coverage="100%"/>
										<condition number="1" type="jump" coverage="100%"/>
									</conditions>
								</line>
								<line number="187" hits="4" branch="false"/>
								<line number="191" hits="136" branch="false"/>
								<line number="192" hits="136" branch="false"/>
								<line number="196" hits="227" branch="true" condition-coverage="100% (2/2)">
									<conditions>
										<condition number="0" type="jump" coverage="100%"/>
									</conditions>
								</line>
								<line number="198" hits="92" branch="false"/>
								<line number="200" hits="92" branch="false"/>
								<line number="202" hits="272" branch="true" condition-coverage="100% (2/2)">
									<conditions>
										<condition number="0" type="jump" coverage="100%"/>
									</conditions>
								</line>
								<line number="204" hits="180" branch="false"/>
								<line number="205" hits="180" branch="false"/>
								<line number="206" hits="180" branch="false"/>
								<line number="207" hits="180" branch="false"/>
								<line number="208" hits="180" branch="false"/>
								<line number="209" hits="180" branch="false"/>
								<line number="210" hits="92" branch="false"/>
								<line number="212" hits="135" branch="true" condition-coverage="100% (2/2)">
									<conditions>
										<condition number="0" type="jump" coverage="100%"/>
									</conditions>
								</line>
								<line number="213" hits="4" branch="false"/>
								<line number="216" hits="223" branch="false"/>
							</lines>
						</method>
						<method name="toInetAddress" signature="()Ljava/net/InetAddress;" line-rate="0.6363636363636364" branch-rate="1.0">
							<lines>
								<line number="43" hits="0" branch="false"/>
								<line number="46" hits="0" branch="false"/>
								<line number="50" hits="10" branch="false"/>
								<line number="52" hits="80" branch="false"/>
								<line number="225" hits="40" branch="false"/>
								<line number="226" hits="360" branch="true" condition-coverage="100% (2/2)">
									<conditions>
										<condition number="0" type="jump" coverage="100%"/>
									</conditions>
								</line>
								<line number="227" hits="320" branch="false"/>
								<line number="228" hits="320" branch="false"/>
								<line number="232" hits="40" branch="false"/>
								<line number="233" hits="0" branch="false"/>
								<line number="235" hits="0" branch="false"/>
							</lines>
						</method>
						<method name="toString" signature="()Ljava/lang/String;" line-rate="1.0" branch-rate="1.0">
							<lines>
								<line number="63" hits="3" branch="false"/>
								<line number="67" hits="3" branch="false"/>
								<line number="68" hits="3" branch="false"/>
								<line number="70" hits="39" branch="true" condition-coverage="100% (2/2)">
									<conditions>
										<condition number="0" type="jump" coverage="100%"/>
									</conditions>
								</line>
								<line number="75" hits="91" branch="true" condition-coverage="100% (2/2)">
									<conditions>
										<condition number="0" type="jump" coverage="100%"/>
									</conditions>
								</line>
								<line number="78" hits="75" branch="false"/>
								<line number="82" hits="202" branch="true" condition-coverage="100% (2/2)">
									<conditions>
										<condition number="0" type="jump" coverage="100%"/>
									</conditions>
								</line>
								<line number="89" hits="8" branch="false"/>
								<line number="90" hits="8" branch="false"/>
								<line number="93" hits="10" branch="true" condition-coverage="100% (2/2)">
									<conditions>
										<condition number="0" type="jump" coverage="100%"/>
									</conditions>
								</line>
								<line number="100" hits="93" branch="true" condition-coverage="100% (2/2)">
									<conditions>
										<condition number="0" type="jump" coverage="100%"/>
									</conditions>
								</line>
								<line number="101" hits="2" branch="false"/>
								<line number="105" hits="20" branch="true" condition-coverage="100% (4/4)">
									<conditions>
										<condition number="0" type="jump" coverage="100%"/>
										<condition number="1" type="jump" coverage="100%"/>
									</conditions>
								</line>
								<line number="119" hits="5" branch="false"/>
								<line number="123" hits="3" branch="false"/>
								<line number="125" hits="75" branch="true" condition-coverage="100% (2/2)">
									<conditions>
										<condition number="0" type="jump" coverage="100%"/>
									</conditions>
								</line>
								<line number="245" hits="80" branch="false"/>
								<line number="249" hits="80" branch="false"/>
								<line number="250" hits="80" branch="false"/>
								<line number="251" hits="720" branch="true" condition-coverage="100% (2/2)">
									<conditions>
										<condition number="0" type="jump" coverage="100%"/>
									</conditions>
								</line>
								<line number="252" hits="640" branch="true" condition-coverage="100% (2/2)">
									<conditions>
										<condition number="0" type="jump" coverage="100%"/>
									</conditions>
								</line>
								<line number="253" hits="460" branch="false"/>
								<line number="255" hits="180" branch="false"/>
								<line number="256" hits="860" branch="true" condition-coverage="100% (2/2)">
									<conditions>
										<condition number="0" type="jump" coverage="100%"/>
									</conditions>
								</line>
								<line number="257" hits="796" branch="true" condition-coverage="100% (2/2)">
									<conditions>
										<condition number="0" type="jump" coverage="100%"/>
									</conditions>
								</line>
								<line number="258" hits="680" branch="false"/>
								<line number="263" hits="180" branch="true" condition-coverage="100% (2/2)">
									<conditions>
										<condition number="0" type="jump" coverage="100%"/>
									</conditions>
								</line>
								<line number="264" hits="32" branch="false"/>
								<line number="265" hits="32" branch="false"/>
								<line number="275" hits="540" branch="true" condition-coverage="100% (2/2)">
									<conditions>
										<condition number="0" type="jump" coverage="100%"/>
									</conditions>
								</line>
								<line number="281" hits="468" branch="true" condition-coverage="100% (2/2)">
									<conditions>
										<condition number="0" type="jump" coverage="100%"/>
									</conditions>
								</line>
								<line number="282" hits="32" branch="true" condition-coverage="100% (2/2)">
									<conditions>
										<condition number="0" type="jump" coverage="100%"/>
									</conditions>
								</line>
								<line number="283" hits="24" branch="false"/>
								<line number="285" hits="8" branch="false"/>
								<line number="287" hits="212" branch="true" condition-coverage="100% (4/4)">
									<conditions>
										<condition number="0" type="jump" coverage="100%"/>
										<condition number="1" type="jump" coverage="100%"/>
									</conditions>
								</line>
								<line number="288" hits="180" branch="false"/>
								<line number="292" hits="468" branch="true" condition-coverage="100% (2/2)">
									<conditions>
										<condition number="0" type="jump" coverage="100%"/>
									</conditions>
								</line>
								<line number="293" hits="8" branch="false"/>
								<line number="297" hits="460" branch="false"/>
								<line number="300" hits="460" branch="true" condition-coverage="100% (2/2)">
									<conditions>
										<condition number="0" type="jump" coverage="100%"/>
									</conditions>
								</line>
								<line number="301" hits="388" branch="false"/>
								<line number="305" hits="80" branch="false"/>
							</lines>
						</method>
					</methods>
					<lines>
						<line number="33" hits="4" branch="false"/>
						<line number="34" hits="32" branch="false"/>
						<line number="35" hits="32" branch="false"/>
						<line number="36" hits="251" branch="false"/>
						<line number="37" hits="223" branch="false"/>
						<line number="38" hits="224" branch="false"/>
						<line number="41" hits="33" branch="false"/>
						<line number="43" hits="0" branch="false"/>
						<line number="44" hits="282" branch="true" condition-coverage="100% (2/2)">
							<conditions>
								<condition number="0" type="jump" coverage="100%"/>
							</conditions>
						</line>
						<line number="45" hits="4" branch="false"/>
						<line number="46" hits="0" branch="false"/>
						<line number="47" hits="278" branch="true" condition-coverage="100% (2/2)">
							<conditions>
								<condition number="0" type="jump" coverage="100%"/>
							</conditions>
						</line>
						<line number="48" hits="4" branch="false"/>
						<line number="50" hits="10" branch="false"/>
						<line number="51" hits="364" branch="true" condition-coverage="100% (2/2)">
							<conditions>
								<condition number="0" type="jump" coverage="100%"/>
							</conditions>
						</line>
						<line number="52" hits="80" branch="false"/>
						<line number="53" hits="354" branch="false"/>
						<line number="54" hits="274" branch="false"/>
						<line number="55" hits="274" branch="false"/>
						<line number="56" hits="274" branch="false"/>
						<line number="57" hits="284" branch="true" condition-coverage="50% (1/2)">
							<conditions>
								<condition number="0" type="jump" coverage="50%"/>
							</conditions>
						</line>
						<line number="58" hits="274" branch="true" condition-coverage="50% (1/2)">
							<conditions>
								<condition number="0" type="jump" coverage="50%"/>
							</conditions>
						</line>
						<line number="60" hits="274" branch="true" condition-coverage="100% (2/2)">
							<conditions>
								<condition number="0" type="jump" coverage="100%"/>
							</conditions>
						</line>
						<line number="61" hits="100" branch="true" condition-coverage="100% (4/4)">
							<conditions>
								<condition number="0" type="jump" coverage="100%"/>
								<condition number="1" type="jump" coverage="100%"/>
							</conditions>
						</line>
						<line number="62" hits="8" branch="false"/>
						<line number="63" hits="3" branch="false"/>
						<line number="64" hits="92" branch="false"/>
						<line number="65" hits="92" branch="false"/>
						<line number="66" hits="92" branch="false"/>
						<line number="67" hits="3" branch="false"/>
						<line number="68" hits="3" branch="false"/>
						<line number="69" hits="293" branch="true" condition-coverage="100% (2/2)">
							<conditions>
								<condition number="0" type="jump" coverage="100%"/>
							</conditions>
						</line>
						<line number="70" hits="39" branch="true" condition-coverage="100% (2/2)">
							<conditions>
								<condition number="0" type="jump" coverage="100%"/>
							</conditions>
						</line>
						<line number="71" hits="1663" branch="true" condition-coverage="100% (2/2)">
							<conditions>
								<condition number="0" type="jump" coverage="100%"/>
							</conditions>
						</line>
						<line number="73" hits="1470" branch="true" condition-coverage="100% (2/2)">
							<conditions>
								<condition number="0" type="jump" coverage="100%"/>
							</conditions>
						</line>
						<line number="74" hits="1552" branch="true" condition-coverage="100% (2/2)">
							<conditions>
								<condition number="0" type="jump" coverage="100%"/>
							</conditions>
						</line>
						<line number="75" hits="91" branch="true" condition-coverage="100% (2/2)">
							<conditions>
								<condition number="0" type="jump" coverage="100%"/>
							</conditions>
						</line>
						<line number="76" hits="1655" branch="true" condition-coverage="100% (2/2)">
							<conditions>
								<condition number="0" type="jump" coverage="100%"/>
							</conditions>
						</line>
						<line number="77" hits="124" branch="true" condition-coverage="100% (2/2)">
							<conditions>
								<condition number="0" type="jump" coverage="100%"/>
							</conditions>
						</line>
						<line number="78" hits="75" branch="false"/>
						<line number="79" hits="1449" branch="true" condition-coverage="100% (2/2)">
							<conditions>
								<condition number="0" type="jump" coverage="100%"/>
							</conditions>
						</line>
						<line number="80" hits="76" branch="true" condition-coverage="100% (2/2)">
							<conditions>
								<condition number="0" type="jump" coverage="100%"/>
							</conditions>
						</line>
						<line number="81" hits="236" branch="true" condition-coverage="100% (2/2)">
							<conditions>
								<condition number="0" type="jump" coverage="100%"/>
							</conditions>
						</line>
						<line number="82" hits="202" branch="true" condition-coverage="100% (2/2)">
							<conditions>
								<condition number="0" type="jump" coverage="100%"/>
							</conditions>
						</line>
						<line number="83" hits="200" branch="false"/>
						<line number="84" hits="27" branch="true" condition-coverage="50% (1/2)">
							<conditions>
								<condition number="0" type="jump" coverage="50%"/>
							</conditions>
						</line>
						<line number="85" hits="27" branch="true" condition-coverage="50% (1/2)">
							<conditions>
								<condition number="0" type="jump" coverage="50%"/>
							</conditions>
						</line>
						<line number="86" hits="27" branch="false"/>
						<line number="87" hits="27" branch="false"/>
						<line number="88" hits="72" branch="true" condition-coverage="100% (2/2)">
							<conditions>
								<condition number="0" type="jump" coverage="100%"/>
							</conditions>
						</line>
						<line number="89" hits="8" branch="false"/>
						<line number="90" hits="8" branch="false"/>
						<line number="91" hits="1418" branch="false"/>
						<line number="92" hits="1418" branch="false"/>
						<line number="93" hits="10" branch="true" condition-coverage="100% (2/2)">
							<conditions>
								<condition number="0" type="jump" coverage="100%"/>
							</conditions>
						</line>
						<line number="94" hits="5873" branch="true" condition-coverage="100% (4/4)">
							<conditions>
								<condition number="0" type="jump" coverage="100%"/>
								<condition number="1" type="jump" coverage="100%"/>
							</conditions>
						</line>
						<line number="95" hits="4455" branch="false"/>
						<line number="96" hits="4455" branch="false"/>
						<line number="97" hits="4455" branch="true" condition-coverage="100% (2/2)">
							<conditions>
								<condition number="0" type="jump" coverage="100%"/>
							</conditions>
						</line>
						<line number="98" hits="4455" branch="true" condition-coverage="100% (2/2)">
							<conditions>
								<condition number="0" type="jump" coverage="100%"/>
							</conditions>
						</line>
						<line number="99" hits="4463" branch="true" condition-coverage="100% (2/2)">
							<conditions>
								<condition number="0" type="jump" coverage="100%"/>
							</conditions>
						</line>
						<line number="100" hits="93" branch="true" condition-coverage="100% (2/2)">
							<conditions>
								<condition number="0" type="jump" coverage="100%"/>
							</conditions>
						</line>
						<line number="101" hits="2" branch="false"/>
						<line number="102" hits="1418" branch="true" condition-coverage="100% (2/2)">
							<conditions>
								<condition number="0" type="jump" coverage="100%"/>
							</conditions>
						</line>
						<line number="103" hits="49" branch="true" condition-coverage="100% (2/2)">
							<conditions>
								<condition number="0" type="jump" coverage="100%"/>
							</conditions>
						</line>
						<line number="104" hits="4" branch="false"/>
						<line number="105" hits="20" branch="true" condition-coverage="100% (4/4)">
							<conditions>
								<condition number="0" type="jump" coverage="100%"/>
								<condition number="1" type="jump" coverage="100%"/>
							</conditions>
						</line>
						<line number="106" hits="138" branch="true" condition-coverage="100% (2/2)">
							<conditions>
								<condition number="0" type="jump" coverage="100%"/>
							</conditions>
						</line>
						<line number="107" hits="52" branch="true" condition-coverage="100% (2/2)">
							<conditions>
								<condition number="0" type="jump" coverage="100%"/>
							</conditions>
						</line>
						<line number="108" hits="50" branch="true" condition-coverage="50% (1/2)">
							<conditions>
								<condition number="0" type="jump" coverage="50%"/>
							</conditions>
						</line>
						<line number="109" hits="44" branch="false"/>
						<line number="110" hits="54" branch="true" condition-coverage="100% (2/2)">
							<conditions>
								<condition number="0" type="jump" coverage="100%"/>
							</conditions>
						</line>
						<line number="111" hits="1371" branch="true" condition-coverage="100% (2/2)">
							<conditions>
								<condition number="0" type="jump" coverage="100%"/>
							</conditions>
						</line>
						<line number="112" hits="1217" branch="true" condition-coverage="100% (4/4)">
							<conditions>
								<condition number="0" type="jump" coverage="100%"/>
								<condition number="1" type="jump" coverage="100%"/>
							</conditions>
						</line>
						<line number="113" hits="1209" branch="true" condition-coverage="100% (2/2)">
							<conditions>
								<condition number="0" type="jump" coverage="100%"/>
							</conditions>
						</line>
						<line number="114" hits="1164" branch="true" condition-coverage="100% (2/2)">
							<conditions>
								<condition number="0" type="jump" coverage="100%"/>
							</conditions>
						</line>
						<line number="115" hits="11" branch="false"/>
						<line number="117" hits="283" branch="true" condition-coverage="100% (2/2)">
							<conditions>
								<condition number="0" type="jump" coverage="100%"/>
							</conditions>
						</line>
						<line number="118" hits="12" branch="true" condition-coverage="100% (2/2)">
							<conditions>
								<condition number="0" type="jump" coverage="100%"/>
							</conditions>
						</line>
						<line number="119" hits="5" branch="false"/>
						<line number="121" hits="1363" branch="false"/>
						<line number="122" hits="1438" branch="false"/>
						<line number="123" hits="3" branch="false"/>
						<line number="124" hits="1363" branch="false"/>
						<line number="125" hits="75" branch="true" condition-coverage="100% (2/2)">
							<conditions>
								<condition number="0" type="jump" coverage="100%"/>
							</conditions>
						</line>
						<line number="126" hits="309" branch="false"/>
						<line number="129" hits="247" branch="true" condition-coverage="75% (3/4)">
							<conditions>
								<condition number="0" type="jump" coverage="100%"/>
								<condition number="1" type="jump" coverage="50%"/>
							</conditions>
						</line>
						<line number="130" hits="218" branch="false"/>
						<line number="133" hits="247" branch="true" condition-coverage="100% (2/2)">
							<conditions>
								<condition number="0" type="jump" coverage="100%"/>
							</conditions>
						</line>
						<line number="135" hits="47" branch="true" condition-coverage="100% (2/2)">
							<conditions>
								<condition number="0" type="jump" coverage="100%"/>
							</conditions>
						</line>
						<line number="136" hits="7" branch="true" condition-coverage="50% (2/4)">
							<conditions>
								<condition number="0" type="jump" coverage="50%"/>
								<condition number="1" type="jump" coverage="50%"/>
							</conditions>
						</line>
						<line number="138" hits="3" branch="false"/>
						<line number="140" hits="3" branch="true" condition-coverage="50% (1/2)">
							<conditions>
								<condition number="0" type="jump" coverage="50%"/>
							</conditions>
						</line>
						<line number="141" hits="243" branch="false"/>
						<line number="142" hits="3" branch="false"/>
						<line number="143" hits="243" branch="true" condition-coverage="100% (2/2)">
							<conditions>
								<condition number="0" type="jump" coverage="100%"/>
							</conditions>
						</line>
						<line number="145" hits="176" branch="true" condition-coverage="100% (2/2)">
							<conditions>
								<condition number="0" type="jump" coverage="100%"/>
							</conditions>
						</line>
						<line number="147" hits="154" branch="false"/>
						<line number="150" hits="152" branch="true" condition-coverage="100% (2/2)">
							<conditions>
								<condition number="0" type="jump" coverage="100%"/>
							</conditions>
						</line>
						<line number="151" hits="4" branch="false"/>
						<line number="155" hits="464" branch="true" condition-coverage="100% (2/2)">
							<conditions>
								<condition number="0" type="jump" coverage="100%"/>
							</conditions>
						</line>
						<line number="156" hits="316" branch="false"/>
						<line number="157" hits="316" branch="false"/>
						<line number="158" hits="316" branch="true" condition-coverage="100% (2/2)">
							<conditions>
								<condition number="0" type="jump" coverage="100%"/>
							</conditions>
						</line>
						<line number="159" hits="316" branch="true" condition-coverage="100% (2/2)">
							<conditions>
								<condition number="0" type="jump" coverage="100%"/>
							</conditions>
						</line>
						<line number="163" hits="148" branch="true" condition-coverage="100% (2/2)">
							<conditions>
								<condition number="0" type="jump" coverage="100%"/>
							</conditions>
						</line>
						<line number="164" hits="4" branch="false"/>
						<line number="168" hits="144" branch="true" condition-coverage="100% (4/4)">
							<conditions>
								<condition number="0" type="jump" coverage="100%"/>
								<condition number="1" type="jump" coverage="100%"/>
							</conditions>
						</line>
						<line number="169" hits="4" branch="false"/>
						<line number="173" hits="140" branch="false"/>
						<line number="176" hits="140" branch="true" condition-coverage="100% (4/4)">
							<conditions>
								<condition number="0" type="jump" coverage="100%"/>
								<condition number="1" type="jump" coverage="100%"/>
							</conditions>
						</line>
						<line number="177" hits="68" branch="false"/>
						<line number="181" hits="140" branch="false"/>
						<line number="182" hits="140" branch="true" condition-coverage="100% (2/2)">
							<conditions>
								<condition number="0" type="jump" coverage="100%"/>
							</conditions>
						</line>
						<line number="183" hits="140" branch="true" condition-coverage="100% (2/2)">
							<conditions>
								<condition number="0" type="jump" coverage="100%"/>
							</conditions>
						</line>
						<line number="186" hits="140" branch="true" condition-coverage="100% (4/4)">
							<conditions>
								<condition number="0" type="jump" coverage="100%"/>
								<condition number="1" type="jump" coverage="100%"/>
							</conditions>
						</line>
						<line number="187" hits="4" branch="false"/>
						<line number="191" hits="136" branch="false"/>
						<line number="192" hits="136" branch="false"/>
						<line number="196" hits="227" branch="true" condition-coverage="100% (2/2)">
							<conditions>
								<condition number="0" type="jump" coverage="100%"/>
							</conditions>
						</line>
						<line number="198" hits="92" branch="false"/>
						<line number="200" hits="92" branch="false"/>
						<line number="202" hits="272" branch="true" condition-coverage="100% (2/2)">
							<conditions>
								<condition number="0" type="jump" coverage="100%"/>
							</conditions>
						</line>
						<line number="204" hits="180" branch="false"/>
						<line number="205" hits="180" branch="false"/>
						<line number="206" hits="180" branch="false"/>
						<line number="207" hits="180" branch="false"/>
						<line number="208" hits="180" branch="false"/>
						<line number="209" hits="180" branch="false"/>
						<line number="210" hits="92" branch="false"/>
						<line number="212" hits="135" branch="true" condition-coverage="100% (2/2)">
							<conditions>
								<condition number="0" type="jump" coverage="100%"/>
							</conditions>
						</line>
						<line number="213" hits="4" branch="false"/>
						<line number="216" hits="223" branch="false"/>
						<line number="225" hits="40" branch="false"/>
						<line number="226" hits="360" branch="true" condition-coverage="100% (2/2)">
							<conditions>
								<condition number="0" type="jump" coverage="100%"/>
							</conditions>
						</line>
						<line number="227" hits="320" branch="false"/>
						<line number="228" hits="320" branch="false"/>
						<line number="232" hits="40" branch="false"/>
						<line number="233" hits="0" branch="false"/>
						<line number="235" hits="0" branch="false"/>
						<line number="245" hits="80" branch="false"/>
						<line number="249" hits="80" branch="false"/>
						<line number="250" hits="80" branch="false"/>
						<line number="251" hits="720" branch="true" condition-coverage="100% (2/2)">
							<conditions>
								<condition number="0" type="jump" coverage="100%"/>
							</conditions>
						</line>
						<line number="252" hits="640" branch="true" condition-coverage="100% (2/2)">
							<conditions>
								<condition number="0" type="jump" coverage="100%"/>
							</conditions>
						</line>
						<line number="253" hits="460" branch="false"/>
						<line number="255" hits="180" branch="false"/>
						<line number="256" hits="860" branch="true" condition-coverage="100% (2/2)">
							<conditions>
								<condition number="0" type="jump" coverage="100%"/>
							</conditions>
						</line>
						<line number="257" hits="796" branch="true" condition-coverage="100% (2/2)">
							<conditions>
								<condition number="0" type="jump" coverage="100%"/>
							</conditions>
						</line>
						<line number="258" hits="680" branch="false"/>
						<line number="263" hits="180" branch="true" condition-coverage="100% (2/2)">
							<conditions>
								<condition number="0" type="jump" coverage="100%"/>
							</conditions>
						</line>
						<line number="264" hits="32" branch="false"/>
						<line number="265" hits="32" branch="false"/>
						<line number="275" hits="540" branch="true" condition-coverage="100% (2/2)">
							<conditions>
								<condition number="0" type="jump" coverage="100%"/>
							</conditions>
						</line>
						<line number="281" hits="468" branch="true" condition-coverage="100% (2/2)">
							<conditions>
								<condition number="0" type="jump" coverage="100%"/>
							</conditions>
						</line>
						<line number="282" hits="32" branch="true" condition-coverage="100% (2/2)">
							<conditions>
								<condition number="0" type="jump" coverage="100%"/>
							</conditions>
						</line>
						<line number="283" hits="24" branch="false"/>
						<line number="285" hits="8" branch="false"/>
						<line number="287" hits="212" branch="true" condition-coverage="100% (4/4)">
							<conditions>
								<condition number="0" type="jump" coverage="100%"/>
								<condition number="1" type="jump" coverage="100%"/>
							</conditions>
						</line>
						<line number="288" hits="180" branch="false"/>
						<line number="292" hits="468" branch="true" condition-coverage="100% (2/2)">
							<conditions>
								<condition number="0" type="jump" coverage="100%"/>
							</conditions>
						</line>
						<line number="293" hits="8" branch="false"/>
						<line number="297" hits="460" branch="false"/>
						<line number="300" hits="460" branch="true" condition-coverage="100% (2/2)">
							<conditions>
								<condition number="0" type="jump" coverage="100%"/>
							</conditions>
						</line>
						<line number="301" hits="388" branch="false"/>
						<line number="305" hits="80" branch="false"/>
						<line number="310" hits="176" branch="true" condition-coverage="100% (2/2)">
							<conditions>
								<condition number="0" type="jump" coverage="100%"/>
							</conditions>
						</line>
						<line number="311" hits="136" branch="true" condition-coverage="100% (4/4)">
							<conditions>
								<condition number="0" type="jump" coverage="100%"/>
								<condition number="1" type="jump" coverage="100%"/>
							</conditions>
						</line>
						<line number="313" hits="56" branch="false"/>
						<line number="315" hits="56" branch="false"/>
						<line number="320" hits="88" branch="false"/>
					</lines>
				</class>
				<class name="io.mola.galimatias.URL" filename="io/mola/galimatias/URL.java" line-rate="0.8626609442060086" branch-rate="0.7231638418079096" complexity="3.962962962962963">
					<methods>
						<method name="&lt;clinit&gt;" signature="()V" line-rate="1.0" branch-rate="1.0">
							<lines>
								<line number="42" hits="5" branch="false"/>
								<line number="169" hits="1" branch="false"/>
								<line number="170" hits="1" branch="false"/>
							</lines>
						</method>
						<method name="&lt;init&gt;" signature="(Ljava/lang/String;Ljava/lang/String;Ljava/lang/String;Ljava/lang/String;Lio/mola/galimatias/Host;Ljava/lang/Integer;[Ljava/lang/String;Ljava/lang/String;Ljava/lang/String;Z)V" line-rate="0.9444444444444444" branch-rate="0.8">
							<lines>
								<line number="59" hits="58" branch="false"/>
								<line number="60" hits="58" branch="false"/>
								<line number="61" hits="5411" branch="false"/>
								<line number="62" hits="5411" branch="false"/>
								<line number="63" hits="5411" branch="false"/>
								<line number="64" hits="5411" branch="false"/>
								<line number="65" hits="5411" branch="false"/>
								<line number="66" hits="5411" branch="false"/>
								<line number="67" hits="5411" branch="true" condition-coverage="50% (1/2)">
									<conditions>
										<condition number="0" type="jump" coverage="50%"/>
									</conditions>
								</line>
								<line number="68" hits="5411" branch="true" condition-coverage="87% (7/8)">
									<conditions>
										<condition number="0" type="jump" coverage="50%"/>
										<condition number="1" type="jump" coverage="100%"/>
										<condition number="2" type="jump" coverage="100%"/>
										<condition number="3" type="jump" coverage="100%"/>
									</conditions>
								</line>
								<line number="69" hits="2065" branch="false"/>
								<line number="70" hits="0" branch="false"/>
								<line number="71" hits="3288" branch="false"/>
								<line number="72" hits="58" branch="false"/>
								<line number="73" hits="5411" branch="false"/>
								<line number="74" hits="5411" branch="false"/>
								<line number="75" hits="5411" branch="false"/>
								<line number="76" hits="5353" branch="false"/>
							</lines>
						</method>
						<method name="arrayEquals" signature="([Ljava/lang/String;[Ljava/lang/String;)Z" line-rate="0.875" branch-rate="0.6923076923076923">
							<lines>
								<line number="324" hits="21" branch="true" condition-coverage="50% (1/2)">
									<conditions>
										<condition number="0" type="jump" coverage="50%"/>
									</conditions>
								</line>
								<line number="328" hits="27" branch="true" condition-coverage="50% (1/2)">
									<conditions>
										<condition number="0" type="jump" coverage="50%"/>
									</conditions>
								</line>
								<line number="345" hits="214" branch="true" condition-coverage="100% (2/2)">
									<conditions>
										<condition number="0" type="jump" coverage="100%"/>
									</conditions>
								</line>
								<line number="346" hits="144" branch="true" condition-coverage="50% (1/2)">
									<conditions>
										<condition number="0" type="jump" coverage="50%"/>
									</conditions>
								</line>
								<line number="348" hits="70" branch="true" condition-coverage="50% (1/2)">
									<conditions>
										<condition number="0" type="jump" coverage="50%"/>
									</conditions>
								</line>
								<line number="349" hits="0" branch="false"/>
								<line number="351" hits="184" branch="true" condition-coverage="100% (2/2)">
									<conditions>
										<condition number="0" type="jump" coverage="100%"/>
									</conditions>
								</line>
								<line number="352" hits="114" branch="true" condition-coverage="50% (1/2)">
									<conditions>
										<condition number="0" type="jump" coverage="50%"/>
									</conditions>
								</line>
								<line number="353" hits="579" branch="true" condition-coverage="100% (2/2)">
									<conditions>
										<condition number="0" type="jump" coverage="100%"/>
									</conditions>
								</line>
								<line number="354" hits="360" branch="false"/>
								<line number="356" hits="289" branch="true" condition-coverage="50% (1/2)">
									<conditions>
										<condition number="0" type="jump" coverage="50%"/>
									</conditions>
								</line>
								<line number="357" hits="0" branch="false"/>
								<line number="359" hits="570" branch="true" condition-coverage="100% (2/2)">
									<conditions>
										<condition number="0" type="jump" coverage="100%"/>
									</conditions>
								</line>
								<line number="360" hits="351" branch="true" condition-coverage="50% (1/2)">
									<conditions>
										<condition number="0" type="jump" coverage="50%"/>
									</conditions>
								</line>
								<line number="361" hits="116" branch="true" condition-coverage="50% (1/2)">
									<conditions>
										<condition number="0" type="jump" coverage="50%"/>
									</conditions>
								</line>
								<line number="364" hits="335" branch="true" condition-coverage="100% (2/2)">
									<conditions>
										<condition number="0" type="jump" coverage="100%"/>
									</conditions>
								</line>
							</lines>
						</method>
						<method name="equals" signature="(Ljava/lang/Object;)Z" line-rate="0.9090909090909091" branch-rate="0.6076923076923076">
							<lines>
								<line number="309" hits="75" branch="true" condition-coverage="55% (22/40)">
									<conditions>
										<condition number="0" type="jump" coverage="50%"/>
										<condition number="1" type="jump" coverage="50%"/>
										<condition number="2" type="jump" coverage="0%"/>
										<condition number="3" type="jump" coverage="50%"/>
										<condition number="4" type="jump" coverage="100%"/>
										<condition number="5" type="jump" coverage="50%"/>
										<condition number="6" type="jump" coverage="50%"/>
										<condition number="7" type="jump" coverage="100%"/>
										<condition number="8" type="jump" coverage="50%"/>
										<condition number="9" type="jump" coverage="50%"/>
										<condition number="10" type="jump" coverage="50%"/>
										<condition number="11" type="jump" coverage="0%"/>
										<condition number="12" type="jump" coverage="50%"/>
										<condition number="13" type="jump" coverage="100%"/>
										<condition number="14" type="jump" coverage="50%"/>
										<condition number="15" type="jump" coverage="50%"/>
										<condition number="16" type="jump" coverage="100%"/>
										<condition number="17" type="jump" coverage="50%"/>
										<condition number="18" type="jump" coverage="50%"/>
										<condition number="19" type="jump" coverage="50%"/>
									</conditions>
								</line>
								<line number="327" hits="106" branch="true" condition-coverage="100% (2/2)">
									<conditions>
										<condition number="0" type="jump" coverage="100%"/>
									</conditions>
								</line>
								<line number="330" hits="0" branch="false"/>
								<line number="332" hits="185" branch="false"/>
								<line number="333" hits="164" branch="true" condition-coverage="60% (24/40)">
									<conditions>
										<condition number="0" type="jump" coverage="50%"/>
										<condition number="1" type="jump" coverage="50%"/>
										<condition number="2" type="jump" coverage="0%"/>
										<condition number="3" type="jump" coverage="50%"/>
										<condition number="4" type="jump" coverage="100%"/>
										<condition number="5" type="jump" coverage="50%"/>
										<condition number="6" type="jump" coverage="50%"/>
										<condition number="7" type="jump" coverage="100%"/>
										<condition number="8" type="jump" coverage="50%"/>
										<condition number="9" type="jump" coverage="50%"/>
										<condition number="10" type="jump" coverage="100%"/>
										<condition number="11" type="jump" coverage="50%"/>
										<condition number="12" type="jump" coverage="50%"/>
										<condition number="13" type="jump" coverage="100%"/>
										<condition number="14" type="jump" coverage="50%"/>
										<condition number="15" type="jump" coverage="50%"/>
										<condition number="16" type="jump" coverage="100%"/>
										<condition number="17" type="jump" coverage="50%"/>
										<condition number="18" type="jump" coverage="50%"/>
										<condition number="19" type="jump" coverage="50%"/>
									</conditions>
								</line>
								<line number="334" hits="1191" branch="true" condition-coverage="100% (2/2)">
									<conditions>
										<condition number="0" type="jump" coverage="100%"/>
									</conditions>
								</line>
								<line number="335" hits="408" branch="false"/>
								<line number="337" hits="833" branch="true" condition-coverage="100% (2/2)">
									<conditions>
										<condition number="0" type="jump" coverage="100%"/>
									</conditions>
								</line>
								<line number="338" hits="254" branch="true" condition-coverage="50% (1/2)">
									<conditions>
										<condition number="0" type="jump" coverage="50%"/>
									</conditions>
								</line>
								<line number="340" hits="629" branch="true" condition-coverage="100% (2/2)">
									<conditions>
										<condition number="0" type="jump" coverage="100%"/>
									</conditions>
								</line>
								<line number="341" hits="629" branch="true" condition-coverage="60% (24/40)">
									<conditions>
										<condition number="0" type="jump" coverage="50%"/>
										<condition number="1" type="jump" coverage="50%"/>
										<condition number="2" type="jump" coverage="0%"/>
										<condition number="3" type="jump" coverage="50%"/>
										<condition number="4" type="jump" coverage="100%"/>
										<condition number="5" type="jump" coverage="50%"/>
										<condition number="6" type="jump" coverage="50%"/>
										<condition number="7" type="jump" coverage="100%"/>
										<condition number="8" type="jump" coverage="50%"/>
										<condition number="9" type="jump" coverage="50%"/>
										<condition number="10" type="jump" coverage="100%"/>
										<condition number="11" type="jump" coverage="50%"/>
										<condition number="12" type="jump" coverage="50%"/>
										<condition number="13" type="jump" coverage="100%"/>
										<condition number="14" type="jump" coverage="50%"/>
										<condition number="15" type="jump" coverage="50%"/>
										<condition number="16" type="jump" coverage="100%"/>
										<condition number="17" type="jump" coverage="50%"/>
										<condition number="18" type="jump" coverage="50%"/>
										<condition number="19" type="jump" coverage="50%"/>
									</conditions>
								</line>
							</lines>
						</method>
						<method name="file" signature="()Ljava/lang/String;" line-rate="0.5882352941176471" branch-rate="0.4166666666666667">
							<lines>
								<line number="144" hits="25" branch="false"/>
								<line number="145" hits="25" branch="true" condition-coverage="83% (5/6)">
									<conditions>
										<condition number="0" type="jump" coverage="50%"/>
										<condition number="1" type="jump" coverage="100%"/>
										<condition number="2" type="jump" coverage="100%"/>
									</conditions>
								</line>
								<line number="146" hits="17" branch="true" condition-coverage="0% (0/6)">
									<conditions>
										<condition number="0" type="jump" coverage="0%"/>
										<condition number="1" type="jump" coverage="0%"/>
										<condition number="2" type="jump" coverage="0%"/>
									</conditions>
								</line>
								<line number="147" hits="0" branch="false"/>
								<line number="148" hits="8" branch="true" condition-coverage="83% (5/6)">
									<conditions>
										<condition number="0" type="jump" coverage="50%"/>
										<condition number="1" type="jump" coverage="100%"/>
										<condition number="2" type="jump" coverage="100%"/>
									</conditions>
								</line>
								<line number="149" hits="0" branch="true" condition-coverage="0% (0/6)">
									<conditions>
										<condition number="0" type="jump" coverage="0%"/>
										<condition number="1" type="jump" coverage="0%"/>
										<condition number="2" type="jump" coverage="0%"/>
									</conditions>
								</line>
								<line number="153" hits="8" branch="true" condition-coverage="50% (1/2)">
									<conditions>
										<condition number="0" type="jump" coverage="50%"/>
									</conditions>
								</line>
								<line number="154" hits="0" branch="true" condition-coverage="0% (0/2)">
									<conditions>
										<condition number="0" type="jump" coverage="0%"/>
									</conditions>
								</line>
								<line number="155" hits="0" branch="false"/>
								<line number="156" hits="8" branch="true" condition-coverage="100% (2/2)">
									<conditions>
										<condition number="0" type="jump" coverage="100%"/>
									</conditions>
								</line>
								<line number="157" hits="5" branch="true" condition-coverage="0% (0/2)">
									<conditions>
										<condition number="0" type="jump" coverage="0%"/>
									</conditions>
								</line>
								<line number="158" hits="0" branch="false"/>
								<line number="159" hits="8" branch="true" condition-coverage="100% (2/2)">
									<conditions>
										<condition number="0" type="jump" coverage="100%"/>
									</conditions>
								</line>
								<line number="160" hits="5" branch="true" condition-coverage="0% (0/2)">
									<conditions>
										<condition number="0" type="jump" coverage="0%"/>
									</conditions>
								</line>
								<line number="161" hits="0" branch="false"/>
								<line number="162" hits="8" branch="false"/>
								<line number="163" hits="0" branch="false"/>
							</lines>
						</method>
						<method name="fragment" signature="()Ljava/lang/String;" line-rate="1.0" branch-rate="1.0">
							<lines>
								<line number="140" hits="2" branch="false"/>
								<line number="141" hits="1460" branch="false"/>
							</lines>
						</method>
						<method name="fromJavaURI" signature="(Ljava/net/URI;)Lio/mola/galimatias/URL;" line-rate="0.45454545454545453" branch-rate="0.75">
							<lines>
								<line number="222" hits="25" branch="false"/>
								<line number="223" hits="0" branch="false"/>
								<line number="224" hits="0" branch="false"/>
								<line number="225" hits="0" branch="false"/>
								<line number="226" hits="0" branch="false"/>
								<line number="246" hits="58" branch="false"/>
								<line number="247" hits="0" branch="false"/>
								<line number="249" hits="0" branch="false"/>
								<line number="254" hits="256" branch="true" condition-coverage="50% (1/2)">
									<conditions>
										<condition number="0" type="jump" coverage="50%"/>
									</conditions>
								</line>
								<line number="255" hits="154" branch="false"/>
								<line number="257" hits="154" branch="true" condition-coverage="100% (2/2)">
									<conditions>
										<condition number="0" type="jump" coverage="100%"/>
									</conditions>
								</line>
							</lines>
						</method>
						<method name="fromJavaURI" signature="(Ljava/net/URL;)Lio/mola/galimatias/URL;" line-rate="0.0" branch-rate="1.0">
							<lines>
								<line number="240" hits="0" branch="false"/>
							</lines>
						</method>
						<method name="fromJavaURL" signature="(Ljava/net/URL;)Lio/mola/galimatias/URL;" line-rate="0.7777777777777778" branch-rate="0.9">
							<lines>
								<line number="238" hits="25" branch="false"/>
								<line number="239" hits="0" branch="false"/>
								<line number="241" hits="0" branch="false"/>
								<line number="262" hits="52" branch="true" condition-coverage="50% (1/2)">
									<conditions>
										<condition number="0" type="jump" coverage="50%"/>
									</conditions>
								</line>
								<line number="263" hits="16" branch="true" condition-coverage="100% (2/2)">
									<conditions>
										<condition number="0" type="jump" coverage="100%"/>
									</conditions>
								</line>
								<line number="265" hits="4" branch="true" condition-coverage="100% (2/2)">
									<conditions>
										<condition number="0" type="jump" coverage="100%"/>
									</conditions>
								</line>
								<line number="270" hits="215" branch="true" condition-coverage="100% (2/2)">
									<conditions>
										<condition number="0" type="jump" coverage="100%"/>
									</conditions>
								</line>
								<line number="271" hits="37" branch="false"/>
								<line number="273" hits="41" branch="true" condition-coverage="100% (2/2)">
									<conditions>
										<condition number="0" type="jump" coverage="100%"/>
									</conditions>
								</line>
							</lines>
						</method>
						<method name="hashCode" signature="()I" line-rate="1.0" branch-rate="0.9705882352941176">
							<lines>
								<line number="339" hits="50" branch="true" condition-coverage="100% (2/2)">
									<conditions>
										<condition number="0" type="jump" coverage="100%"/>
									</conditions>
								</line>
								<line number="342" hits="50" branch="true" condition-coverage="100% (2/2)">
									<conditions>
										<condition number="0" type="jump" coverage="100%"/>
									</conditions>
								</line>
								<line number="343" hits="50" branch="false"/>
								<line number="344" hits="50" branch="true" condition-coverage="100% (2/2)">
									<conditions>
										<condition number="0" type="jump" coverage="100%"/>
									</conditions>
								</line>
								<line number="347" hits="50" branch="false"/>
								<line number="362" hits="116" branch="true" condition-coverage="50% (1/2)">
									<conditions>
										<condition number="0" type="jump" coverage="50%"/>
									</conditions>
								</line>
								<line number="363" hits="116" branch="true" condition-coverage="100% (2/2)">
									<conditions>
										<condition number="0" type="jump" coverage="100%"/>
									</conditions>
								</line>
								<line number="365" hits="116" branch="true" condition-coverage="100% (2/2)">
									<conditions>
										<condition number="0" type="jump" coverage="100%"/>
									</conditions>
								</line>
								<line number="366" hits="116" branch="true" condition-coverage="100% (2/2)">
									<conditions>
										<condition number="0" type="jump" coverage="100%"/>
									</conditions>
								</line>
								<line number="367" hits="116" branch="false"/>
								<line number="368" hits="116" branch="true" condition-coverage="100% (2/2)">
									<conditions>
										<condition number="0" type="jump" coverage="100%"/>
									</conditions>
								</line>
								<line number="369" hits="524" branch="true" condition-coverage="100% (2/2)">
									<conditions>
										<condition number="0" type="jump" coverage="100%"/>
									</conditions>
								</line>
								<line number="370" hits="524" branch="true" condition-coverage="100% (2/2)">
									<conditions>
										<condition number="0" type="jump" coverage="100%"/>
									</conditions>
								</line>
								<line number="371" hits="524" branch="true" condition-coverage="100% (2/2)">
									<conditions>
										<condition number="0" type="jump" coverage="100%"/>
									</conditions>
								</line>
								<line number="372" hits="408" branch="true" condition-coverage="100% (2/2)">
									<conditions>
										<condition number="0" type="jump" coverage="100%"/>
									</conditions>
								</line>
								<line number="373" hits="408" branch="true" condition-coverage="100% (2/2)">
									<conditions>
										<condition number="0" type="jump" coverage="100%"/>
									</conditions>
								</line>
								<line number="374" hits="408" branch="true" condition-coverage="100% (2/2)">
									<conditions>
										<condition number="0" type="jump" coverage="100%"/>
									</conditions>
								</line>
								<line number="375" hits="408" branch="false"/>
								<line number="376" hits="408" branch="true" condition-coverage="100% (2/2)">
									<conditions>
										<condition number="0" type="jump" coverage="100%"/>
									</conditions>
								</line>
								<line number="377" hits="408" branch="true" condition-coverage="100% (2/2)">
									<conditions>
										<condition number="0" type="jump" coverage="100%"/>
									</conditions>
								</line>
								<line number="378" hits="408" branch="true" condition-coverage="100% (2/2)">
									<conditions>
										<condition number="0" type="jump" coverage="100%"/>
									</conditions>
								</line>
								<line number="379" hits="408" branch="false"/>
							</lines>
						</method>
						<method name="host" signature="()Lio/mola/galimatias/Host;" line-rate="1.0" branch-rate="1.0">
							<lines>
								<line number="109" hits="3" branch="false"/>
								<line number="110" hits="1576" branch="false"/>
							</lines>
						</method>
						<method name="parse" signature="(Lio/mola/galimatias/URL;Ljava/lang/String;)Lio/mola/galimatias/URL;" line-rate="1.0" branch-rate="1.0">
							<lines>
[...]
							<conditions>
								<condition number="0" type="jump" coverage="100%"/>
								<condition number="1" type="jump" coverage="100%"/>
							</conditions>
						</line>
						<line number="162" hits="2878" branch="true" condition-coverage="100% (4/4)">
							<conditions>
								<condition number="0" type="jump" coverage="100%"/>
								<condition number="1" type="jump" coverage="100%"/>
							</conditions>
						</line>
						<line number="165" hits="26174" branch="true" condition-coverage="49% (57/116)">
							<conditions>
								<condition number="0" type="jump" coverage="100%"/>
								<condition number="1" type="jump" coverage="50%"/>
								<condition number="2" type="jump" coverage="50%"/>
								<condition number="3" type="jump" coverage="100%"/>
								<condition number="4" type="jump" coverage="50%"/>
								<condition number="5" type="jump" coverage="50%"/>
								<condition number="6" type="jump" coverage="50%"/>
								<condition number="7" type="jump" coverage="50%"/>
								<condition number="8" type="jump" coverage="100%"/>
								<condition number="9" type="jump" coverage="50%"/>
								<condition number="10" type="jump" coverage="50%"/>
								<condition number="11" type="jump" coverage="100%"/>
								<condition number="12" type="jump" coverage="100%"/>
								<condition number="13" type="jump" coverage="100%"/>
								<condition number="14" type="jump" coverage="50%"/>
								<condition number="15" type="jump" coverage="100%"/>
								<condition number="16" type="jump" coverage="50%"/>
								<condition number="17" type="jump" coverage="100%"/>
								<condition number="18" type="jump" coverage="50%"/>
								<condition number="19" type="jump" coverage="100%"/>
								<condition number="20" type="jump" coverage="100%"/>
								<condition number="21" type="jump" coverage="100%"/>
								<condition number="22" type="jump" coverage="100%"/>
								<condition number="23" type="jump" coverage="50%"/>
								<condition number="24" type="jump" coverage="100%"/>
								<condition number="25" type="jump" coverage="50%"/>
								<condition number="26" type="jump" coverage="100%"/>
								<condition number="27" type="jump" coverage="50%"/>
								<condition number="28" type="jump" coverage="50%"/>
								<condition number="29" type="jump" coverage="0%"/>
								<condition number="30" type="jump" coverage="50%"/>
								<condition number="31" type="jump" coverage="0%"/>
								<condition number="32" type="jump" coverage="50%"/>
								<condition number="33" type="jump" coverage="0%"/>
								<condition number="34" type="jump" coverage="50%"/>
								<condition number="35" type="jump" coverage="0%"/>
								<condition number="36" type="jump" coverage="50%"/>
								<condition number="37" type="jump" coverage="0%"/>
								<condition number="38" type="jump" coverage="50%"/>
								<condition number="39" type="jump" coverage="0%"/>
								<condition number="40" type="jump" coverage="50%"/>
								<condition number="41" type="jump" coverage="0%"/>
								<condition number="42" type="jump" coverage="50%"/>
								<condition number="43" type="jump" coverage="0%"/>
								<condition number="44" type="jump" coverage="50%"/>
								<condition number="45" type="jump" coverage="0%"/>
								<condition number="46" type="jump" coverage="50%"/>
								<condition number="47" type="jump" coverage="0%"/>
								<condition number="48" type="jump" coverage="50%"/>
								<condition number="49" type="jump" coverage="0%"/>
								<condition number="50" type="jump" coverage="50%"/>
								<condition number="51" type="jump" coverage="0%"/>
								<condition number="52" type="jump" coverage="50%"/>
								<condition number="53" type="jump" coverage="0%"/>
								<condition number="54" type="jump" coverage="50%"/>
								<condition number="55" type="jump" coverage="0%"/>
								<condition number="56" type="jump" coverage="50%"/>
								<condition number="57" type="jump" coverage="0%"/>
							</conditions>
						</line>
						<line number="166" hits="1806" branch="true" condition-coverage="45% (53/116)">
							<conditions>
								<condition number="0" type="jump" coverage="100%"/>
								<condition number="1" type="jump" coverage="50%"/>
								<condition number="2" type="jump" coverage="50%"/>
								<condition number="3" type="jump" coverage="100%"/>
								<condition number="4" type="jump" coverage="50%"/>
								<condition number="5" type="jump" coverage="50%"/>
								<condition number="6" type="jump" coverage="50%"/>
								<condition number="7" type="jump" coverage="50%"/>
								<condition number="8" type="jump" coverage="100%"/>
								<condition number="9" type="jump" coverage="100%"/>
								<condition number="10" type="jump" coverage="100%"/>
								<condition number="11" type="jump" coverage="100%"/>
								<condition number="12" type="jump" coverage="100%"/>
								<condition number="13" type="jump" coverage="100%"/>
								<condition number="14" type="jump" coverage="100%"/>
								<condition number="15" type="jump" coverage="100%"/>
								<condition number="16" type="jump" coverage="50%"/>
								<condition number="17" type="jump" coverage="100%"/>
								<condition number="18" type="jump" coverage="100%"/>
								<condition number="19" type="jump" coverage="50%"/>
								<condition number="20" type="jump" coverage="100%"/>
								<condition number="21" type="jump" coverage="50%"/>
								<condition number="22" type="jump" coverage="50%"/>
								<condition number="23" type="jump" coverage="0%"/>
								<condition number="24" type="jump" coverage="50%"/>
								<condition number="25" type="jump" coverage="0%"/>
								<condition number="26" type="jump" coverage="50%"/>
								<condition number="27" type="jump" coverage="0%"/>
								<condition number="28" type="jump" coverage="50%"/>
								<condition number="29" type="jump" coverage="0%"/>
								<condition number="30" type="jump" coverage="50%"/>
								<condition number="31" type="jump" coverage="0%"/>
								<condition number="32" type="jump" coverage="50%"/>
								<condition number="33" type="jump" coverage="0%"/>
								<condition number="34" type="jump" coverage="50%"/>
								<condition number="35" type="jump" coverage="0%"/>
								<condition number="36" type="jump" coverage="50%"/>
								<condition number="37" type="jump" coverage="0%"/>
								<condition number="38" type="jump" coverage="50%"/>
								<condition number="39" type="jump" coverage="0%"/>
								<condition number="40" type="jump" coverage="50%"/>
								<condition number="41" type="jump" coverage="0%"/>
								<condition number="42" type="jump" coverage="50%"/>
								<condition number="43" type="jump" coverage="0%"/>
								<condition number="44" type="jump" coverage="50%"/>
								<condition number="45" type="jump" coverage="0%"/>
								<condition number="46" type="jump" coverage="50%"/>
								<condition number="47" type="jump" coverage="0%"/>
								<condition number="48" type="jump" coverage="50%"/>
								<condition number="49" type="jump" coverage="0%"/>
								<condition number="50" type="jump" coverage="50%"/>
								<condition number="51" type="jump" coverage="0%"/>
								<condition number="52" type="jump" coverage="50%"/>
								<condition number="53" type="jump" coverage="0%"/>
								<condition number="54" type="jump" coverage="50%"/>
								<condition number="55" type="jump" coverage="0%"/>
								<condition number="56" type="jump" coverage="50%"/>
								<condition number="57" type="jump" coverage="0%"/>
							</conditions>
						</line>
						<line number="207" hits="4" branch="false"/>
						<line number="209" hits="682" branch="false"/>
						<line number="210" hits="682" branch="false"/>
						<line number="211" hits="682" branch="false"/>
						<line number="212" hits="682" branch="false"/>
						<line number="216" hits="1337" branch="true" condition-coverage="75% (3/4)">
							<conditions>
								<condition number="0" type="jump" coverage="50%"/>
								<condition number="1" type="jump" coverage="100%"/>
							</conditions>
						</line>
						<line number="220" hits="1299" branch="true" condition-coverage="50% (7/14)">
							<conditions>
								<condition number="0" type="jump" coverage="50%"/>
								<condition number="1" type="jump" coverage="50%"/>
								<condition number="2" type="jump" coverage="50%"/>
								<condition number="3" type="jump" coverage="50%"/>
								<condition number="4" type="jump" coverage="50%"/>
								<condition number="5" type="jump" coverage="50%"/>
								<condition number="6" type="jump" coverage="50%"/>
							</conditions>
						</line>
						<line number="221" hits="682" branch="false"/>
						<line number="222" hits="682" branch="false"/>
						<line number="224" hits="4" branch="true" condition-coverage="0% (0/8)">
							<conditions>
								<condition number="0" type="jump" coverage="0%"/>
								<condition number="1" type="jump" coverage="0%"/>
								<condition number="2" type="jump" coverage="0%"/>
								<condition number="3" type="jump" coverage="0%"/>
							</conditions>
						</line>
						<line number="228" hits="6629" branch="true" condition-coverage="0% (0/4)">
							<conditions>
								<condition number="0" type="jump" coverage="0%"/>
								<condition number="1" type="jump" coverage="0%"/>
							</conditions>
						</line>
						<line number="231" hits="2" branch="false"/>
						<line number="232" hits="88" branch="true" condition-coverage="100% (2/2)">
							<conditions>
								<condition number="0" type="jump" coverage="100%"/>
							</conditions>
						</line>
						<line number="233" hits="60" branch="false"/>
						<line number="234" hits="9" branch="false"/>
						<line number="235" hits="46" branch="true" condition-coverage="50% (1/2)">
							<conditions>
								<condition number="0" type="jump" coverage="50%"/>
							</conditions>
						</line>
						<line number="236" hits="9" branch="false"/>
						<line number="238" hits="37" branch="true" condition-coverage="50% (1/2)">
							<conditions>
								<condition number="0" type="jump" coverage="50%"/>
							</conditions>
						</line>
						<line number="239" hits="0" branch="false"/>
						<line number="240" hits="0" branch="false"/>
						<line number="241" hits="37" branch="true" condition-coverage="50% (1/2)">
							<conditions>
								<condition number="0" type="jump" coverage="50%"/>
							</conditions>
						</line>
						<line number="242" hits="0" branch="false"/>
						<line number="244" hits="46" branch="true" condition-coverage="50% (1/2)">
							<conditions>
								<condition number="0" type="jump" coverage="50%"/>
							</conditions>
						</line>
						<line number="245" hits="46" branch="false"/>
						<line number="246" hits="9" branch="false"/>
						<line number="247" hits="0" branch="true" condition-coverage="0% (0/2)">
							<conditions>
								<condition number="0" type="jump" coverage="0%"/>
							</conditions>
						</line>
						<line number="248" hits="0" branch="false"/>
						<line number="249" hits="1337" branch="true" condition-coverage="100% (2/2)">
							<conditions>
								<condition number="0" type="jump" coverage="100%"/>
							</conditions>
						</line>
						<line number="250" hits="720" branch="true" condition-coverage="100% (2/2)">
							<conditions>
								<condition number="0" type="jump" coverage="100%"/>
							</conditions>
						</line>
						<line number="251" hits="717" branch="false"/>
						<line number="252" hits="717" branch="false"/>
						<line number="253" hits="0" branch="false"/>
						<line number="254" hits="617" branch="true" condition-coverage="50% (1/2)">
							<conditions>
								<condition number="0" type="jump" coverage="50%"/>
							</conditions>
						</line>
						<line number="255" hits="617" branch="true" condition-coverage="50% (1/2)">
							<conditions>
								<condition number="0" type="jump" coverage="50%"/>
							</conditions>
						</line>
						<line number="256" hits="617" branch="false"/>
						<line number="257" hits="617" branch="false"/>
						<line number="259" hits="0" branch="true" condition-coverage="0% (0/2)">
							<conditions>
								<condition number="0" type="jump" coverage="0%"/>
							</conditions>
						</line>
						<line number="260" hits="0" branch="true" condition-coverage="0% (0/2)">
							<conditions>
								<condition number="0" type="jump" coverage="0%"/>
							</conditions>
						</line>
						<line number="261" hits="0" branch="false"/>
						<line number="262" hits="0" branch="false"/>
						<line number="264" hits="0" branch="true" condition-coverage="0% (0/2)">
							<conditions>
								<condition number="0" type="jump" coverage="0%"/>
							</conditions>
						</line>
						<line number="265" hits="0" branch="true" condition-coverage="0% (0/2)">
							<conditions>
								<condition number="0" type="jump" coverage="0%"/>
							</conditions>
						</line>
						<line number="266" hits="0" branch="false"/>
						<line number="267" hits="0" branch="false"/>
						<line number="270" hits="0" branch="false"/>
						<line number="276" hits="3" branch="false"/>
						<line number="277" hits="3" branch="false"/>
						<line number="279" hits="2" branch="false"/>
						<line number="283" hits="262" branch="false"/>
						<line number="287" hits="11" branch="true" condition-coverage="100% (2/2)">
							<conditions>
								<condition number="0" type="jump" coverage="100%"/>
							</conditions>
						</line>
						<line number="288" hits="8" branch="false"/>
						<line number="290" hits="3" branch="true" condition-coverage="50% (1/2)">
							<conditions>
								<condition number="0" type="jump" coverage="50%"/>
							</conditions>
						</line>
						<line number="291" hits="0" branch="false"/>
						<line number="293" hits="3" branch="true" condition-coverage="50% (1/2)">
							<conditions>
								<condition number="0" type="jump" coverage="50%"/>
							</conditions>
						</line>
						<line number="294" hits="0" branch="false"/>
						<line number="296" hits="3" branch="true" condition-coverage="50% (1/2)">
							<conditions>
								<condition number="0" type="jump" coverage="50%"/>
							</conditions>
						</line>
						<line number="297" hits="0" branch="false"/>
						<line number="299" hits="3" branch="true" condition-coverage="50% (1/2)">
							<conditions>
								<condition number="0" type="jump" coverage="50%"/>
							</conditions>
						</line>
						<line number="300" hits="3" branch="false"/>
						<line number="302" hits="0" branch="true" condition-coverage="0% (0/2)">
							<conditions>
								<condition number="0" type="jump" coverage="0%"/>
							</conditions>
						</line>
						<line number="303" hits="0" branch="false"/>
						<line number="305" hits="0" branch="true" condition-coverage="0% (0/2)">
							<conditions>
								<condition number="0" type="jump" coverage="0%"/>
							</conditions>
						</line>
						<line number="306" hits="0" branch="false"/>
						<line number="308" hits="0" branch="false"/>
					</lines>
				</class>
				<class name="io.mola.galimatias.URLUtils$EncodeSet" filename="io/mola/galimatias/URLUtils.java" line-rate="1.0" branch-rate="1.0" complexity="5.842105263157895">
					<methods>
						<method name="&lt;clinit&gt;" signature="()V" line-rate="1.0" branch-rate="1.0">
							<lines>
								<line number="208" hits="10" branch="false"/>
								<line number="209" hits="2" branch="false"/>
								<line number="210" hits="2" branch="false"/>
								<line number="211" hits="2" branch="false"/>
								<line number="212" hits="2" branch="false"/>
							</lines>
						</method>
						<method name="&lt;init&gt;" signature="(Ljava/lang/String;I)V" line-rate="1.0" branch-rate="1.0">
							<lines>
							</lines>
						</method>
						<method name="valueOf" signature="(Ljava/lang/String;)Lio/mola/galimatias/URLUtils$EncodeSet;" line-rate="1.0" branch-rate="1.0">
							<lines>
							</lines>
						</method>
						<method name="values" signature="()[Lio/mola/galimatias/URLUtils$EncodeSet;" line-rate="1.0" branch-rate="1.0">
							<lines>
							</lines>
						</method>
					</methods>
					<lines>
						<line number="208" hits="10" branch="false"/>
						<line number="209" hits="2" branch="false"/>
						<line number="210" hits="2" branch="false"/>
						<line number="211" hits="2" branch="false"/>
						<line number="212" hits="2" branch="false"/>
					</lines>
				</class>
			</classes>
		</package>
		<package name="io.mola.galimatias.canonicalization" line-rate="0.0" branch-rate="0.0" complexity="0.0">
			<classes>
				<class name="io.mola.galimatias.canonicalization.CombinedURLCanonicalizer" filename="io/mola/galimatias/canonicalization/CombinedURLCanonicalizer.java" line-rate="0.0" branch-rate="0.0" complexity="0.0">
					<methods>
						<method name="&lt;init&gt;" signature="()V" line-rate="0.0" branch-rate="1.0">
							<lines>
								<line number="34" hits="0" branch="false"/>
								<line number="35" hits="0" branch="false"/>
								<line number="36" hits="0" branch="false"/>
							</lines>
						</method>
						<method name="add" signature="(Lio/mola/galimatias/canonicalization/URLCanonicalizer;)V" line-rate="0.0" branch-rate="1.0">
							<lines>
								<line number="39" hits="0" branch="false"/>
								<line number="40" hits="0" branch="false"/>
							</lines>
						</method>
						<method name="canonicalize" signature="(Lio/mola/galimatias/URL;)Lio/mola/galimatias/URL;" line-rate="0.0" branch-rate="0.0">
							<lines>
								<line number="44" hits="0" branch="false"/>
								<line number="45" hits="0" branch="true" condition-coverage="0% (0/2)">
									<conditions>
										<condition number="0" type="jump" coverage="0%"/>
									</conditions>
								</line>
								<line number="46" hits="0" branch="false"/>
								<line number="47" hits="0" branch="false"/>
								<line number="48" hits="0" branch="false"/>
							</lines>
						</method>
					</methods>
					<lines>
						<line number="34" hits="0" branch="false"/>
						<line number="35" hits="0" branch="false"/>
						<line number="36" hits="0" branch="false"/>
						<line number="39" hits="0" branch="false"/>
						<line number="40" hits="0" branch="false"/>
						<line number="44" hits="0" branch="false"/>
						<line number="45" hits="0" branch="true" condition-coverage="0% (0/2)">
							<conditions>
								<condition number="0" type="jump" coverage="0%"/>
							</conditions>
						</line>
						<line number="46" hits="0" branch="false"/>
						<line number="47" hits="0" branch="false"/>
						<line number="48" hits="0" branch="false"/>
					</lines>
				</class>
				<class name="io.mola.galimatias.canonicalization.URLCanonicalizer" filename="io/mola/galimatias/canonicalization/URLCanonicalizer.java" line-rate="1.0" branch-rate="1.0" complexity="0.0">
					<methods>
					</methods>
					<lines>
					</lines>
				</class>
				<class name="io.mola.galimatias.canonicalization.UppercasePercentEncodingURLCanonicalizer" filename="io/mola/galimatias/canonicalization/UppercasePercentEncodingURLCanonicalizer.java" line-rate="0.0" branch-rate="1.0" complexity="0.0">
					<methods>
						<method name="&lt;init&gt;" signature="()V" line-rate="0.0" branch-rate="1.0">
							<lines>
								<line number="27" hits="0" branch="false"/>
							</lines>
						</method>
						<method name="canonicalize" signature="(Lio/mola/galimatias/URL;)Lio/mola/galimatias/URL;" line-rate="0.0" branch-rate="1.0">
							<lines>
								<line number="36" hits="0" branch="false"/>
							</lines>
						</method>
					</methods>
					<lines>
						<line number="27" hits="0" branch="false"/>
						<line number="36" hits="0" branch="false"/>
					</lines>
				</class>
			</classes>
		</package>
	</packages>
</coverage>
